This file contains any messages produced by compilers while
running configure, to aid debugging if configure makes a mistake.

It was created by ion configure open source 4.1.2, which was
generated by GNU Autoconf 2.69.  Invocation command line was

  $ ./configure 

## --------- ##
## Platform. ##
## --------- ##

hostname = dascor
uname -m = x86_64
uname -r = 5.4.0-131-generic
uname -s = Linux
uname -v = #147-Ubuntu SMP Fri Oct 14 17:07:22 UTC 2022

/usr/bin/uname -p = x86_64
/bin/uname -X     = unknown

/bin/arch              = x86_64
/usr/bin/arch -k       = unknown
/usr/convex/getsysinfo = unknown
/usr/bin/hostinfo      = unknown
/bin/machine           = unknown
/usr/bin/oslevel       = unknown
/bin/universe          = unknown

PATH: /usr/local/sbin
PATH: /usr/local/bin
PATH: /usr/sbin
PATH: /usr/bin
PATH: /sbin
PATH: /bin
PATH: /usr/games
PATH: /usr/local/games
PATH: /snap/bin


## ----------- ##
## Core tests. ##
## ----------- ##

configure:2422: checking for a BSD-compatible install
configure:2490: result: /usr/bin/install -c
configure:2501: checking whether build environment is sane
configure:2556: result: yes
configure:2705: checking for a thread-safe mkdir -p
configure:2744: result: /usr/bin/mkdir -p
configure:2751: checking for gawk
configure:2767: found /usr/bin/gawk
configure:2778: result: gawk
configure:2789: checking whether make sets $(MAKE)
configure:2811: result: yes
configure:2840: checking whether make supports nested variables
configure:2857: result: yes
configure:3085: checking for gcc
configure:3101: found /usr/bin/gcc
configure:3112: result: gcc
configure:3341: checking for C compiler version
configure:3350: gcc --version >&5
gcc (Ubuntu 9.4.0-1ubuntu1~20.04.1) 9.4.0
Copyright (C) 2019 Free Software Foundation, Inc.
This is free software; see the source for copying conditions.  There is NO
warranty; not even for MERCHANTABILITY or FITNESS FOR A PARTICULAR PURPOSE.

configure:3361: $? = 0
configure:3350: gcc -v >&5
Using built-in specs.
COLLECT_GCC=gcc
COLLECT_LTO_WRAPPER=/usr/lib/gcc/x86_64-linux-gnu/9/lto-wrapper
OFFLOAD_TARGET_NAMES=nvptx-none:hsa
OFFLOAD_TARGET_DEFAULT=1
Target: x86_64-linux-gnu
Configured with: ../src/configure -v --with-pkgversion='Ubuntu 9.4.0-1ubuntu1~20.04.1' --with-bugurl=file:///usr/share/doc/gcc-9/README.Bugs --enable-languages=c,ada,c++,go,brig,d,fortran,objc,obj-c++,gm2 --prefix=/usr --with-gcc-major-version-only --program-suffix=-9 --program-prefix=x86_64-linux-gnu- --enable-shared --enable-linker-build-id --libexecdir=/usr/lib --without-included-gettext --enable-threads=posix --libdir=/usr/lib --enable-nls --enable-clocale=gnu --enable-libstdcxx-debug --enable-libstdcxx-time=yes --with-default-libstdcxx-abi=new --enable-gnu-unique-object --disable-vtable-verify --enable-plugin --enable-default-pie --with-system-zlib --with-target-system-zlib=auto --enable-objc-gc=auto --enable-multiarch --disable-werror --with-arch-32=i686 --with-abi=m64 --with-multilib-list=m32,m64,mx32 --enable-multilib --with-tune=generic --enable-offload-targets=nvptx-none=/build/gcc-9-Av3uEd/gcc-9-9.4.0/debian/tmp-nvptx/usr,hsa --without-cuda-driver --enable-checking=release --build=x86_64-linux-gnu --host=x86_64-linux-gnu --target=x86_64-linux-gnu
Thread model: posix
gcc version 9.4.0 (Ubuntu 9.4.0-1ubuntu1~20.04.1) 
configure:3361: $? = 0
configure:3350: gcc -V >&5
gcc: error: unrecognized command line option '-V'
gcc: fatal error: no input files
compilation terminated.
configure:3361: $? = 1
configure:3350: gcc -qversion >&5
gcc: error: unrecognized command line option '-qversion'; did you mean '--version'?
gcc: fatal error: no input files
compilation terminated.
configure:3361: $? = 1
configure:3381: checking whether the C compiler works
configure:3403: gcc    conftest.c  >&5
configure:3407: $? = 0
configure:3455: result: yes
configure:3458: checking for C compiler default output file name
configure:3460: result: a.out
configure:3466: checking for suffix of executables
configure:3473: gcc -o conftest    conftest.c  >&5
configure:3477: $? = 0
configure:3499: result: 
configure:3521: checking whether we are cross compiling
configure:3529: gcc -o conftest    conftest.c  >&5
configure:3533: $? = 0
configure:3540: ./conftest
configure:3544: $? = 0
configure:3532: result: no
configure:3537: checking for suffix of object files
configure:3559: gcc -c   conftest.c >&5
configure:3563: $? = 0
configure:3584: result: o
configure:3588: checking whether we are using the GNU C compiler
configure:3607: gcc -c   conftest.c >&5
configure:3607: $? = 0
configure:3616: result: yes
configure:3625: checking whether gcc accepts -g
configure:3645: gcc -c -g  conftest.c >&5
configure:3645: $? = 0
configure:3686: result: yes
configure:3703: checking for gcc option to accept ISO C89
configure:3766: gcc  -c -g -O2  conftest.c >&5
configure:3766: $? = 0
configure:3779: result: none needed
configure:3804: checking whether gcc understands -c and -o together
configure:3826: gcc -c conftest.c -o conftest2.o
configure:3829: $? = 0
configure:3826: gcc -c conftest.c -o conftest2.o
configure:3829: $? = 0
configure:3841: result: yes
configure:3861: checking whether make supports the include directive
configure:3876: make -f confmf.GNU && cat confinc.out
this is the am__doit target
configure:3879: $? = 0
configure:3898: result: yes (GNU style)
configure:3923: checking dependency style of gcc
configure:4034: result: gcc3
configure:4101: checking for ar
configure:4117: found /usr/bin/ar
configure:4128: result: ar
configure:4154: checking the archiver (ar) interface
configure:4170: gcc -c -g -O2  conftest.c >&5
configure:4170: $? = 0
configure:4172: ar cru libconftest.a conftest.o >&5
ar: `u' modifier ignored since `D' is the default (see `U')
configure:4175: $? = 0
configure:4174: result: ar
configure:4223: checking build system type
configure:4237: result: x86_64-pc-linux-gnu
configure:4257: checking host system type
configure:4270: result: x86_64-pc-linux-gnu
configure:4311: checking how to print strings
configure:4338: result: printf
configure:4359: checking for a sed that does not truncate output
configure:4423: result: /usr/bin/sed
configure:4441: checking for grep that handles long lines and -e
configure:4499: result: /usr/bin/grep
configure:4504: checking for egrep
configure:4566: result: /usr/bin/grep -E
configure:4571: checking for fgrep
configure:4633: result: /usr/bin/grep -F
configure:4668: checking for ld used by gcc
configure:4735: result: /usr/bin/ld
configure:4742: checking if the linker (/usr/bin/ld) is GNU ld
configure:4757: result: yes
configure:4769: checking for BSD- or MS-compatible name lister (nm)
configure:4823: result: /usr/bin/nm -B
configure:4953: checking the name lister (/usr/bin/nm -B) interface
configure:4960: gcc -c -g -O2  conftest.c >&5
configure:4963: /usr/bin/nm -B "conftest.o"
configure:4966: output
0000000000000000 B some_variable
configure:4967: result: BSD nm
configure:4970: checking whether ln -s works
configure:4974: result: yes
configure:4982: checking the maximum length of command line arguments
configure:5113: result: 1572864
configure:5161: checking how to convert x86_64-pc-linux-gnu file names to x86_64-pc-linux-gnu format
configure:5201: result: func_convert_file_noop
configure:5208: checking how to convert x86_64-pc-linux-gnu file names to toolchain format
configure:5228: result: func_convert_file_noop
configure:5235: checking for /usr/bin/ld option to reload object files
configure:5242: result: -r
configure:5316: checking for objdump
configure:5332: found /usr/bin/objdump
configure:5343: result: objdump
configure:5375: checking how to recognize dependent libraries
configure:5575: result: pass_all
configure:5660: checking for dlltool
configure:5690: result: no
configure:5720: checking how to associate runtime and link libraries
configure:5747: result: printf %s\n
configure:5871: checking for archiver @FILE support
configure:5888: gcc -c -g -O2  conftest.c >&5
configure:5888: $? = 0
configure:5891: ar cr libconftest.a @conftest.lst >&5
configure:5894: $? = 0
configure:5899: ar cr libconftest.a @conftest.lst >&5
ar: conftest.o: No such file or directory
configure:5902: $? = 1
configure:5901: result: @
configure:5959: checking for strip
configure:5975: found /usr/bin/strip
configure:5986: result: strip
configure:6058: checking for ranlib
configure:6074: found /usr/bin/ranlib
configure:6085: result: ranlib
configure:6187: checking command to parse /usr/bin/nm -B output from gcc object
configure:6340: gcc -c -g -O2  conftest.c >&5
configure:6343: $? = 0
configure:6347: /usr/bin/nm -B conftest.o | sed -n -e 's/^.*[	 ]\([ABCDGIRSTW][ABCDGIRSTW]*\)[	 ][	 ]*\([_A-Za-z][_A-Za-z0-9]*\)$/\1 \2 \2/p' | sed '/ __gnu_lto/d' > conftest.nm
configure:6413: gcc -o conftest -g -O2   conftest.c conftstm.o >&5
configure:6416: $? = 0
configure:6454: result: ok
configure:6501: checking for sysroot
configure:6531: result: no
configure:6538: checking for a working dd
configure:6576: result: /usr/bin/dd
configure:6580: checking how to truncate binary pipes
configure:6595: result: /usr/bin/dd bs=4096 count=1
configure:6731: gcc -c -g -O2  conftest.c >&5
configure:6734: $? = 0
configure:6924: checking for mt
configure:6940: found /usr/bin/mt
configure:6951: result: mt
configure:6974: checking if mt is a manifest tool
configure:6980: mt '-?'
configure:6988: result: no
configure:7665: checking how to run the C preprocessor
configure:7696: gcc -E  conftest.c
configure:7696: $? = 0
configure:7710: gcc -E  conftest.c
conftest.c:11:10: fatal error: ac_nonexistent.h: No such file or directory
   11 | #include <ac_nonexistent.h>
      |          ^~~~~~~~~~~~~~~~~~
compilation terminated.
configure:7710: $? = 1
configure: failed program was:
| /* confdefs.h */
| #define PACKAGE_NAME "ion"
| #define PACKAGE_TARNAME "ion"
| #define PACKAGE_VERSION "open source 4.1.2"
| #define PACKAGE_STRING "ion open source 4.1.2"
| #define PACKAGE_BUGREPORT "ion-dtn-support@lists.sourceforge.net"
| #define PACKAGE_URL ""
| #define PACKAGE "ion"
| #define VERSION "open source 4.1.2"
| /* end confdefs.h.  */
| #include <ac_nonexistent.h>
configure:7735: result: gcc -E
configure:7755: gcc -E  conftest.c
configure:7755: $? = 0
configure:7769: gcc -E  conftest.c
conftest.c:11:10: fatal error: ac_nonexistent.h: No such file or directory
   11 | #include <ac_nonexistent.h>
      |          ^~~~~~~~~~~~~~~~~~
compilation terminated.
configure:7769: $? = 1
configure: failed program was:
| /* confdefs.h */
| #define PACKAGE_NAME "ion"
| #define PACKAGE_TARNAME "ion"
| #define PACKAGE_VERSION "open source 4.1.2"
| #define PACKAGE_STRING "ion open source 4.1.2"
| #define PACKAGE_BUGREPORT "ion-dtn-support@lists.sourceforge.net"
| #define PACKAGE_URL ""
| #define PACKAGE "ion"
| #define VERSION "open source 4.1.2"
| /* end confdefs.h.  */
| #include <ac_nonexistent.h>
configure:7798: checking for ANSI C header files
configure:7818: gcc -c -g -O2  conftest.c >&5
configure:7818: $? = 0
configure:7891: gcc -o conftest -g -O2   conftest.c  >&5
configure:7891: $? = 0
configure:7891: ./conftest
configure:7891: $? = 0
configure:7902: result: yes
configure:7915: checking for sys/types.h
configure:7915: gcc -c -g -O2  conftest.c >&5
configure:7915: $? = 0
configure:7915: result: yes
configure:7915: checking for sys/stat.h
configure:7915: gcc -c -g -O2  conftest.c >&5
configure:7915: $? = 0
configure:7915: result: yes
configure:7915: checking for stdlib.h
configure:7915: gcc -c -g -O2  conftest.c >&5
configure:7915: $? = 0
configure:7915: result: yes
configure:7915: checking for string.h
configure:7915: gcc -c -g -O2  conftest.c >&5
configure:7915: $? = 0
configure:7915: result: yes
configure:7915: checking for memory.h
configure:7915: gcc -c -g -O2  conftest.c >&5
configure:7915: $? = 0
configure:7915: result: yes
configure:7915: checking for strings.h
configure:7915: gcc -c -g -O2  conftest.c >&5
configure:7915: $? = 0
configure:7915: result: yes
configure:7915: checking for inttypes.h
configure:7915: gcc -c -g -O2  conftest.c >&5
configure:7915: $? = 0
configure:7915: result: yes
configure:7915: checking for stdint.h
configure:7915: gcc -c -g -O2  conftest.c >&5
configure:7915: $? = 0
configure:7915: result: yes
configure:7915: checking for unistd.h
configure:7915: gcc -c -g -O2  conftest.c >&5
configure:7915: $? = 0
configure:7915: result: yes
configure:7929: checking for dlfcn.h
configure:7929: gcc -c -g -O2  conftest.c >&5
configure:7929: $? = 0
configure:7929: result: yes
configure:8185: checking for objdir
configure:8200: result: .libs
configure:8464: checking if gcc supports -fno-rtti -fno-exceptions
configure:8482: gcc -c -g -O2  -fno-rtti -fno-exceptions conftest.c >&5
cc1: warning: command line option '-fno-rtti' is valid for C++/D/ObjC++ but not for C
configure:8486: $? = 0
configure:8499: result: no
configure:8863: checking for gcc option to produce PIC
configure:8870: result: -fPIC -DPIC
configure:8878: checking if gcc PIC flag -fPIC -DPIC works
configure:8896: gcc -c -g -O2  -fPIC -DPIC -DPIC conftest.c >&5
configure:8900: $? = 0
configure:8913: result: yes
configure:8942: checking if gcc static flag -static works
configure:8970: result: yes
configure:8985: checking if gcc supports -c -o file.o
configure:9006: gcc -c -g -O2  -o out/conftest2.o conftest.c >&5
configure:9010: $? = 0
configure:9032: result: yes
configure:9040: checking if gcc supports -c -o file.o
configure:9087: result: yes
configure:9120: checking whether the gcc linker (/usr/bin/ld -m elf_x86_64) supports shared libraries
configure:10383: result: yes
configure:10420: checking whether -lc should be explicitly linked in
configure:10428: gcc -c -g -O2  conftest.c >&5
configure:10431: $? = 0
configure:10446: gcc -shared  -fPIC -DPIC conftest.o  -v -Wl,-soname -Wl,conftest -o conftest 2\>\&1 \| /usr/bin/grep  -lc  \>/dev/null 2\>\&1
configure:10449: $? = 0
configure:10463: result: no
configure:10623: checking dynamic linker characteristics
configure:11204: gcc -o conftest -g -O2   -Wl,-rpath -Wl,/foo conftest.c  >&5
configure:11204: $? = 0
configure:11453: result: GNU/Linux ld.so
configure:11575: checking how to hardcode library paths into programs
configure:11600: result: immediate
configure:12148: checking whether stripping libraries is possible
configure:12153: result: yes
configure:12188: checking if libtool supports shared libraries
configure:12190: result: yes
configure:12193: checking whether to build shared libraries
configure:12218: result: yes
configure:12221: checking whether to build static libraries
configure:12225: result: yes
configure:9039: checking whether make sets $(MAKE)
configure:9061: result: yes
configure:9077: checking for pow
configure:9077: gcc -o conftest -g -O2   conftest.c  >&5
conftest.c:46:6: warning: conflicting types for built-in function 'pow'; expected 'double(double,  double)' [-Wbuiltin-declaration-mismatch]
   46 | char pow ();
      |      ^~~
conftest.c:34:1: note: 'pow' is declared in header '<math.h>'
   33 | # include <limits.h>
   34 | #else
/usr/bin/ld: /tmp/ccxVvdLy.o: in function `main':
/home/dave/Work/ion-ios/conftest.c:57: undefined reference to `pow'
collect2: error: ld returned 1 exit status
configure:9077: $? = 1
configure: failed program was:
| /* confdefs.h */
| #define PACKAGE_NAME "ion"
| #define PACKAGE_TARNAME "ion"
| #define PACKAGE_VERSION "open source 4.1.2"
| #define PACKAGE_STRING "ion open source 4.1.2"
| #define PACKAGE_BUGREPORT "ion-dtn-support@lists.sourceforge.net"
| #define PACKAGE_URL ""
| #define PACKAGE "ion"
| #define VERSION "open source 4.1.2"
| #define STDC_HEADERS 1
| #define HAVE_SYS_TYPES_H 1
| #define HAVE_SYS_STAT_H 1
| #define HAVE_STDLIB_H 1
| #define HAVE_STRING_H 1
| #define HAVE_MEMORY_H 1
| #define HAVE_STRINGS_H 1
| #define HAVE_INTTYPES_H 1
| #define HAVE_STDINT_H 1
| #define HAVE_UNISTD_H 1
| #define HAVE_DLFCN_H 1
| #define LT_OBJDIR ".libs/"
| /* end confdefs.h.  */
| /* Define pow to an innocuous variant, in case <limits.h> declares pow.
|    For example, HP-UX 11i <limits.h> declares gettimeofday.  */
| #define pow innocuous_pow
| 
| /* System header to define __stub macros and hopefully few prototypes,
|     which can conflict with char pow (); below.
|     Prefer <limits.h> to <assert.h> if __STDC__ is defined, since
|     <limits.h> exists even on freestanding compilers.  */
| 
| #ifdef __STDC__
| # include <limits.h>
| #else
| # include <assert.h>
| #endif
| 
| #undef pow
| 
| /* Override any GCC internal prototype to avoid an error.
|    Use char because int might match the return type of a GCC
|    builtin and then its argument prototype would still apply.  */
| #ifdef __cplusplus
| extern "C"
| #endif
| char pow ();
| /* The GNU C library defines this for functions which it implements
|     to always fail with ENOSYS.  Some functions are actually named
|     something starting with __ and the normal name is an alias.  */
| #if defined __stub_pow || defined __stub___pow
| choke me
| #endif
| 
| int
| main ()
| {
| return pow ();
|   ;
|   return 0;
| }
configure:9077: result: no
configure:9142: checking for DCCP support
configure:9228: gcc -o conftest -g -O2   conftest.c  >&5
configure:9228: $? = 0
configure:9228: ./conftest
configure:9228: $? = 0
configure:9229: result: yes
configure:9676: checking valgrind/valgrind.h usability
configure:9676: gcc -c -g -O2 -DNOEXPAT  conftest.c >&5
conftest.c:59:10: fatal error: valgrind/valgrind.h: No such file or directory
   59 | #include <valgrind/valgrind.h>
      |          ^~~~~~~~~~~~~~~~~~~~~
compilation terminated.
configure:9676: $? = 1
configure: failed program was:
| /* confdefs.h */
| #define PACKAGE_NAME "ion"
| #define PACKAGE_TARNAME "ion"
| #define PACKAGE_VERSION "open source 4.1.2"
| #define PACKAGE_STRING "ion open source 4.1.2"
| #define PACKAGE_BUGREPORT "ion-dtn-support@lists.sourceforge.net"
| #define PACKAGE_URL ""
| #define PACKAGE "ion"
| #define VERSION "open source 4.1.2"
| #define STDC_HEADERS 1
| #define HAVE_SYS_TYPES_H 1
| #define HAVE_SYS_STAT_H 1
| #define HAVE_STDLIB_H 1
| #define HAVE_STRING_H 1
| #define HAVE_MEMORY_H 1
| #define HAVE_STRINGS_H 1
| #define HAVE_INTTYPES_H 1
| #define HAVE_STDINT_H 1
| #define HAVE_UNISTD_H 1
| #define HAVE_DLFCN_H 1
| #define LT_OBJDIR ".libs/"
| #define linux 1
| #define build_dccp 1
| #define UNIBO_CGR 0
| /* end confdefs.h.  */
| #include <stdio.h>
| #ifdef HAVE_SYS_TYPES_H
| # include <sys/types.h>
| #endif
| #ifdef HAVE_SYS_STAT_H
| # include <sys/stat.h>
| #endif
| #ifdef STDC_HEADERS
| # include <stdlib.h>
| # include <stddef.h>
| #else
| # ifdef HAVE_STDLIB_H
| #  include <stdlib.h>
| # endif
| #endif
| #ifdef HAVE_STRING_H
| # if !defined STDC_HEADERS && defined HAVE_MEMORY_H
| #  include <memory.h>
| # endif
| # include <string.h>
| #endif
| #ifdef HAVE_STRINGS_H
| # include <strings.h>
| #endif
| #ifdef HAVE_INTTYPES_H
| # include <inttypes.h>
| #endif
| #ifdef HAVE_STDINT_H
| # include <stdint.h>
| #endif
| #ifdef HAVE_UNISTD_H
| # include <unistd.h>
| #endif
| #include <valgrind/valgrind.h>
configure:9676: result: no
configure:9676: checking valgrind/valgrind.h presence
configure:9676: gcc -E  conftest.c
conftest.c:26:10: fatal error: valgrind/valgrind.h: No such file or directory
   26 | #include <valgrind/valgrind.h>
      |          ^~~~~~~~~~~~~~~~~~~~~
compilation terminated.
configure:9676: $? = 1
configure: failed program was:
| /* confdefs.h */
| #define PACKAGE_NAME "ion"
| #define PACKAGE_TARNAME "ion"
| #define PACKAGE_VERSION "open source 4.1.2"
| #define PACKAGE_STRING "ion open source 4.1.2"
| #define PACKAGE_BUGREPORT "ion-dtn-support@lists.sourceforge.net"
| #define PACKAGE_URL ""
| #define PACKAGE "ion"
| #define VERSION "open source 4.1.2"
| #define STDC_HEADERS 1
| #define HAVE_SYS_TYPES_H 1
| #define HAVE_SYS_STAT_H 1
| #define HAVE_STDLIB_H 1
| #define HAVE_STRING_H 1
| #define HAVE_MEMORY_H 1
| #define HAVE_STRINGS_H 1
| #define HAVE_INTTYPES_H 1
| #define HAVE_STDINT_H 1
| #define HAVE_UNISTD_H 1
| #define HAVE_DLFCN_H 1
| #define LT_OBJDIR ".libs/"
| #define linux 1
| #define build_dccp 1
| #define UNIBO_CGR 0
| /* end confdefs.h.  */
| #include <valgrind/valgrind.h>
configure:9676: result: no
configure:9676: checking for valgrind/valgrind.h
configure:9676: result: no
configure:9816: checking for XML_GetCurrentLineNumber in -lexpat
configure:9841: gcc -o conftest  -Dlinux -DSPACE_ORDER=3 -fno-strict-aliasing -DVNAME=ION-OPEN-SOURCE-4.1.2 -DBUILD_BPv7 -DENABLE_IMC -DENABLE_MANPAGES -g -O2 -DNOEXPAT   conftest.c -lexpat   >&5
/usr/bin/ld: cannot find -lexpat
collect2: error: ld returned 1 exit status
configure:9841: $? = 1
configure: failed program was:
| /* confdefs.h */
| #define PACKAGE_NAME "ion"
| #define PACKAGE_TARNAME "ion"
| #define PACKAGE_VERSION "open source 4.1.2"
| #define PACKAGE_STRING "ion open source 4.1.2"
| #define PACKAGE_BUGREPORT "ion-dtn-support@lists.sourceforge.net"
| #define PACKAGE_URL ""
| #define PACKAGE "ion"
| #define VERSION "open source 4.1.2"
| #define STDC_HEADERS 1
| #define HAVE_SYS_TYPES_H 1
| #define HAVE_SYS_STAT_H 1
| #define HAVE_STDLIB_H 1
| #define HAVE_STRING_H 1
| #define HAVE_MEMORY_H 1
| #define HAVE_STRINGS_H 1
| #define HAVE_INTTYPES_H 1
| #define HAVE_STDINT_H 1
| #define HAVE_UNISTD_H 1
| #define HAVE_DLFCN_H 1
| #define LT_OBJDIR ".libs/"
| #define linux 1
| #define build_dccp 1
| #define UNIBO_CGR 0
| /* end confdefs.h.  */
| 
| /* Override any GCC internal prototype to avoid an error.
|    Use char because int might match the return type of a GCC
|    builtin and then its argument prototype would still apply.  */
| #ifdef __cplusplus
| extern "C"
| #endif
| char XML_GetCurrentLineNumber ();
| int
| main ()
| {
| return XML_GetCurrentLineNumber ();
|   ;
|   return 0;
| }
configure:9850: result: no
configure:9859: WARNING: If you wish to use XML configuration files for AMS you will need to compile against the Expat XML development libraries.  To do this install the libexpat1-dev library then recompile ION using the "./configure --with-expat" flag.
configure:9866: checking for pthread_create in -lpthread
configure:9891: gcc -o conftest  -Dlinux -DSPACE_ORDER=3 -fno-strict-aliasing -DVNAME=ION-OPEN-SOURCE-4.1.2 -DBUILD_BPv7 -DENABLE_IMC -DENABLE_MANPAGES -g -O2 -DNOEXPAT   conftest.c -lpthread   >&5
configure:9891: $? = 0
configure:9900: result: yes
configure:9911: checking for mysql_real_connect in -lmysqlclient
configure:9936: gcc -o conftest -g -O2 -DNOEXPAT   conftest.c -lmysqlclient   >&5
/usr/bin/ld: cannot find -lmysqlclient
collect2: error: ld returned 1 exit status
configure:9936: $? = 1
configure: failed program was:
| /* confdefs.h */
| #define PACKAGE_NAME "ion"
| #define PACKAGE_TARNAME "ion"
| #define PACKAGE_VERSION "open source 4.1.2"
| #define PACKAGE_STRING "ion open source 4.1.2"
| #define PACKAGE_BUGREPORT "ion-dtn-support@lists.sourceforge.net"
| #define PACKAGE_URL ""
| #define PACKAGE "ion"
| #define VERSION "open source 4.1.2"
| #define STDC_HEADERS 1
| #define HAVE_SYS_TYPES_H 1
| #define HAVE_SYS_STAT_H 1
| #define HAVE_STDLIB_H 1
| #define HAVE_STRING_H 1
| #define HAVE_MEMORY_H 1
| #define HAVE_STRINGS_H 1
| #define HAVE_INTTYPES_H 1
| #define HAVE_STDINT_H 1
| #define HAVE_UNISTD_H 1
| #define HAVE_DLFCN_H 1
| #define LT_OBJDIR ".libs/"
| #define linux 1
| #define build_dccp 1
| #define UNIBO_CGR 0
| /* end confdefs.h.  */
| 
| /* Override any GCC internal prototype to avoid an error.
|    Use char because int might match the return type of a GCC
|    builtin and then its argument prototype would still apply.  */
| #ifdef __cplusplus
| extern "C"
| #endif
| char mysql_real_connect ();
| int
| main ()
| {
| return mysql_real_connect ();
|   ;
|   return 0;
| }
configure:9945: result: no
configure:9954: WARNING: If you wish to use MySQL for NM you will need to install the libmysqlclient.
configure:9961: checking for initscr in -lncurses
configure:9986: gcc -o conftest -g -O2 -DNOEXPAT   conftest.c -lncurses   >&5
configure:9986: $? = 0
configure:9995: result: yes
configure:10016: checking for pod2man
configure:10032: found /usr/bin/pod2man
configure:10043: result: pod2man
configure:10065: checking for ps2pdf
configure:10083: found /usr/bin/ps2pdf
configure:10095: result: /usr/bin/ps2pdf
configure:10105: checking for pdf2ps
configure:10123: found /usr/bin/pdf2ps
configure:10135: result: /usr/bin/pdf2ps
configure:10145: checking for psjoin
configure:10178: result: no
configure:10185: checking for pdfjoin
configure:10218: result: no
configure:10223: checking for fallback included psjoin
configure:10227: result: /home/dave/Work/ion-ios/doc/psjoin
configure:10233: checking for fallback included pdfjoin
configure:10237: result: /home/dave/Work/ion-ios/doc/pdfjoin
configure:10245: checking for groff
configure:10263: found /usr/bin/groff
configure:10275: result: /usr/bin/groff
configure:10283: checking if groff suports -ms
configure:10290: result: not found
configure:10292: try installing groff and the ms plugin
configure:10300: checking for man
configure:10318: found /usr/bin/man
configure:10330: result: /usr/bin/man
configure:10338: checking if man supports -l
configure:10341: result: /usr/bin/man
configure:10353: checking for tools to build autodoc
configure:10362: result: not found (skipping autodoc)
configure:10364: Ensure the ghostscript, psutils, groff-base and groff packages are installed.
configure:10383: checking for dirent.h that defines DIR
configure:10402: gcc -c -g -O2 -DNOEXPAT   conftest.c >&5
configure:10402: $? = 0
configure:10410: result: yes
configure:10423: checking for library containing opendir
configure:10454: gcc -o conftest -g -O2 -DNOEXPAT    conftest.c  >&5
configure:10454: $? = 0
configure:10471: result: none required
configure:10538: checking for ANSI C header files
configure:10642: result: yes
configure:10650: checking for sys/wait.h that is POSIX.1 compatible
configure:10676: gcc -c -g -O2 -DNOEXPAT   conftest.c >&5
configure:10676: $? = 0
configure:10683: result: yes
configure:10694: checking fcntl.h usability
configure:10694: gcc -c -g -O2 -DNOEXPAT   conftest.c >&5
configure:10694: $? = 0
configure:10694: result: yes
configure:10694: checking fcntl.h presence
configure:10694: gcc -E  conftest.c
configure:10694: $? = 0
configure:10694: result: yes
configure:10694: checking for fcntl.h
configure:10694: result: yes
configure:10694: checking malloc.h usability
configure:10694: gcc -c -g -O2 -DNOEXPAT   conftest.c >&5
configure:10694: $? = 0
configure:10694: result: yes
configure:10694: checking malloc.h presence
configure:10694: gcc -E  conftest.c
configure:10694: $? = 0
configure:10694: result: yes
configure:10694: checking for malloc.h
configure:10694: result: yes
configure:10694: checking netdb.h usability
configure:10694: gcc -c -g -O2 -DNOEXPAT   conftest.c >&5
configure:10694: $? = 0
configure:10694: result: yes
configure:10694: checking netdb.h presence
configure:10694: gcc -E  conftest.c
configure:10694: $? = 0
configure:10694: result: yes
configure:10694: checking for netdb.h
configure:10694: result: yes
configure:10694: checking netinet/in.h usability
configure:10694: gcc -c -g -O2 -DNOEXPAT   conftest.c >&5
configure:10694: $? = 0
configure:10694: result: yes
configure:10694: checking netinet/in.h presence
configure:10694: gcc -E  conftest.c
configure:10694: $? = 0
configure:10694: result: yes
configure:10694: checking for netinet/in.h
configure:10694: result: yes
configure:10694: checking stddef.h usability
configure:10694: gcc -c -g -O2 -DNOEXPAT   conftest.c >&5
configure:10694: $? = 0
configure:10694: result: yes
configure:10694: checking stddef.h presence
configure:10694: gcc -E  conftest.c
configure:10694: $? = 0
configure:10694: result: yes
configure:10694: checking for stddef.h
configure:10694: result: yes
configure:10694: checking for stdlib.h
configure:10694: result: yes
configure:10694: checking for string.h
configure:10694: result: yes
configure:10694: checking sys/ioctl.h usability
configure:10694: gcc -c -g -O2 -DNOEXPAT   conftest.c >&5
configure:10694: $? = 0
configure:10694: result: yes
configure:10694: checking sys/ioctl.h presence
configure:10694: gcc -E  conftest.c
configure:10694: $? = 0
configure:10694: result: yes
configure:10694: checking for sys/ioctl.h
configure:10694: result: yes
configure:10694: checking sys/param.h usability
configure:10694: gcc -c -g -O2 -DNOEXPAT   conftest.c >&5
configure:10694: $? = 0
configure:10694: result: yes
configure:10694: checking sys/param.h presence
configure:10694: gcc -E  conftest.c
configure:10694: $? = 0
configure:10694: result: yes
configure:10694: checking for sys/param.h
configure:10694: result: yes
configure:10694: checking sys/socket.h usability
configure:10694: gcc -c -g -O2 -DNOEXPAT   conftest.c >&5
configure:10694: $? = 0
configure:10694: result: yes
configure:10694: checking sys/socket.h presence
configure:10694: gcc -E  conftest.c
configure:10694: $? = 0
configure:10694: result: yes
configure:10694: checking for sys/socket.h
configure:10694: result: yes
configure:10694: checking sys/time.h usability
configure:10694: gcc -c -g -O2 -DNOEXPAT   conftest.c >&5
configure:10694: $? = 0
configure:10694: result: yes
configure:10694: checking sys/time.h presence
configure:10694: gcc -E  conftest.c
configure:10694: $? = 0
configure:10694: result: yes
configure:10694: checking for sys/time.h
configure:10694: result: yes
configure:10694: checking for unistd.h
configure:10694: result: yes
configure:10705: checking for an ANSI C-conforming const
configure:10771: gcc -c -g -O2 -DNOEXPAT   conftest.c >&5
configure:10771: $? = 0
configure:10778: result: yes
configure:10786: checking for size_t
configure:10786: gcc -c -g -O2 -DNOEXPAT   conftest.c >&5
configure:10786: $? = 0
configure:10786: gcc -c -g -O2 -DNOEXPAT   conftest.c >&5
conftest.c: In function 'main':
conftest.c:77:21: error: expected expression before ')' token
   77 | if (sizeof ((size_t)))
      |                     ^
configure:10786: $? = 1
configure: failed program was:
| /* confdefs.h */
| #define PACKAGE_NAME "ion"
| #define PACKAGE_TARNAME "ion"
| #define PACKAGE_VERSION "open source 4.1.2"
| #define PACKAGE_STRING "ion open source 4.1.2"
| #define PACKAGE_BUGREPORT "ion-dtn-support@lists.sourceforge.net"
| #define PACKAGE_URL ""
| #define PACKAGE "ion"
| #define VERSION "open source 4.1.2"
| #define STDC_HEADERS 1
| #define HAVE_SYS_TYPES_H 1
| #define HAVE_SYS_STAT_H 1
| #define HAVE_STDLIB_H 1
| #define HAVE_STRING_H 1
| #define HAVE_MEMORY_H 1
| #define HAVE_STRINGS_H 1
| #define HAVE_INTTYPES_H 1
| #define HAVE_STDINT_H 1
| #define HAVE_UNISTD_H 1
| #define HAVE_DLFCN_H 1
| #define LT_OBJDIR ".libs/"
| #define linux 1
| #define build_dccp 1
| #define UNIBO_CGR 0
| #define HAVE_DIRENT_H 1
| #define STDC_HEADERS 1
| #define HAVE_SYS_WAIT_H 1
| #define HAVE_FCNTL_H 1
| #define HAVE_MALLOC_H 1
| #define HAVE_NETDB_H 1
| #define HAVE_NETINET_IN_H 1
| #define HAVE_STDDEF_H 1
| #define HAVE_STDLIB_H 1
| #define HAVE_STRING_H 1
| #define HAVE_SYS_IOCTL_H 1
| #define HAVE_SYS_PARAM_H 1
| #define HAVE_SYS_SOCKET_H 1
| #define HAVE_SYS_TIME_H 1
| #define HAVE_UNISTD_H 1
| /* end confdefs.h.  */
| #include <stdio.h>
| #ifdef HAVE_SYS_TYPES_H
| # include <sys/types.h>
| #endif
| #ifdef HAVE_SYS_STAT_H
| # include <sys/stat.h>
| #endif
| #ifdef STDC_HEADERS
| # include <stdlib.h>
| # include <stddef.h>
| #else
| # ifdef HAVE_STDLIB_H
| #  include <stdlib.h>
| # endif
| #endif
| #ifdef HAVE_STRING_H
| # if !defined STDC_HEADERS && defined HAVE_MEMORY_H
| #  include <memory.h>
| # endif
| # include <string.h>
| #endif
| #ifdef HAVE_STRINGS_H
| # include <strings.h>
| #endif
| #ifdef HAVE_INTTYPES_H
| # include <inttypes.h>
| #endif
| #ifdef HAVE_STDINT_H
| # include <stdint.h>
| #endif
| #ifdef HAVE_UNISTD_H
| # include <unistd.h>
| #endif
| int
| main ()
| {
| if (sizeof ((size_t)))
| 	    return 0;
|   ;
|   return 0;
| }
configure:10786: result: yes
configure:10797: checking whether time.h and sys/time.h may both be included
configure:10817: gcc -c -g -O2 -DNOEXPAT   conftest.c >&5
configure:10817: $? = 0
configure:10824: result: yes
configure:10832: checking whether struct tm is in sys/time.h or time.h
configure:10852: gcc -c -g -O2 -DNOEXPAT   conftest.c >&5
configure:10852: $? = 0
configure:10859: result: time.h
configure:10867: checking for uid_t in sys/types.h
configure:10886: result: yes
configure:10901: checking for pid_t
configure:10901: gcc -c -g -O2 -DNOEXPAT   conftest.c >&5
configure:10901: $? = 0
configure:10901: gcc -c -g -O2 -DNOEXPAT   conftest.c >&5
conftest.c: In function 'main':
conftest.c:78:20: error: expected expression before ')' token
   78 | if (sizeof ((pid_t)))
      |                    ^
configure:10901: $? = 1
configure: failed program was:
| /* confdefs.h */
| #define PACKAGE_NAME "ion"
| #define PACKAGE_TARNAME "ion"
| #define PACKAGE_VERSION "open source 4.1.2"
| #define PACKAGE_STRING "ion open source 4.1.2"
| #define PACKAGE_BUGREPORT "ion-dtn-support@lists.sourceforge.net"
| #define PACKAGE_URL ""
| #define PACKAGE "ion"
| #define VERSION "open source 4.1.2"
| #define STDC_HEADERS 1
| #define HAVE_SYS_TYPES_H 1
| #define HAVE_SYS_STAT_H 1
| #define HAVE_STDLIB_H 1
| #define HAVE_STRING_H 1
| #define HAVE_MEMORY_H 1
| #define HAVE_STRINGS_H 1
| #define HAVE_INTTYPES_H 1
| #define HAVE_STDINT_H 1
| #define HAVE_UNISTD_H 1
| #define HAVE_DLFCN_H 1
| #define LT_OBJDIR ".libs/"
| #define linux 1
| #define build_dccp 1
| #define UNIBO_CGR 0
| #define HAVE_DIRENT_H 1
| #define STDC_HEADERS 1
| #define HAVE_SYS_WAIT_H 1
| #define HAVE_FCNTL_H 1
| #define HAVE_MALLOC_H 1
| #define HAVE_NETDB_H 1
| #define HAVE_NETINET_IN_H 1
| #define HAVE_STDDEF_H 1
| #define HAVE_STDLIB_H 1
| #define HAVE_STRING_H 1
| #define HAVE_SYS_IOCTL_H 1
| #define HAVE_SYS_PARAM_H 1
| #define HAVE_SYS_SOCKET_H 1
| #define HAVE_SYS_TIME_H 1
| #define HAVE_UNISTD_H 1
| #define TIME_WITH_SYS_TIME 1
| /* end confdefs.h.  */
| #include <stdio.h>
| #ifdef HAVE_SYS_TYPES_H
| # include <sys/types.h>
| #endif
| #ifdef HAVE_SYS_STAT_H
| # include <sys/stat.h>
| #endif
| #ifdef STDC_HEADERS
| # include <stdlib.h>
| # include <stddef.h>
| #else
| # ifdef HAVE_STDLIB_H
| #  include <stdlib.h>
| # endif
| #endif
| #ifdef HAVE_STRING_H
| # if !defined STDC_HEADERS && defined HAVE_MEMORY_H
| #  include <memory.h>
| # endif
| # include <string.h>
| #endif
| #ifdef HAVE_STRINGS_H
| # include <strings.h>
| #endif
| #ifdef HAVE_INTTYPES_H
| # include <inttypes.h>
| #endif
| #ifdef HAVE_STDINT_H
| # include <stdint.h>
| #endif
| #ifdef HAVE_UNISTD_H
| # include <unistd.h>
| #endif
| int
| main ()
| {
| if (sizeof ((pid_t)))
| 	    return 0;
|   ;
|   return 0;
| }
configure:10901: result: yes
configure:10914: checking vfork.h usability
configure:10914: gcc -c -g -O2 -DNOEXPAT   conftest.c >&5
conftest.c:75:10: fatal error: vfork.h: No such file or directory
   75 | #include <vfork.h>
      |          ^~~~~~~~~
compilation terminated.
configure:10914: $? = 1
configure: failed program was:
| /* confdefs.h */
| #define PACKAGE_NAME "ion"
| #define PACKAGE_TARNAME "ion"
| #define PACKAGE_VERSION "open source 4.1.2"
| #define PACKAGE_STRING "ion open source 4.1.2"
| #define PACKAGE_BUGREPORT "ion-dtn-support@lists.sourceforge.net"
| #define PACKAGE_URL ""
| #define PACKAGE "ion"
| #define VERSION "open source 4.1.2"
| #define STDC_HEADERS 1
| #define HAVE_SYS_TYPES_H 1
| #define HAVE_SYS_STAT_H 1
| #define HAVE_STDLIB_H 1
| #define HAVE_STRING_H 1
| #define HAVE_MEMORY_H 1
| #define HAVE_STRINGS_H 1
| #define HAVE_INTTYPES_H 1
| #define HAVE_STDINT_H 1
| #define HAVE_UNISTD_H 1
| #define HAVE_DLFCN_H 1
| #define LT_OBJDIR ".libs/"
| #define linux 1
| #define build_dccp 1
| #define UNIBO_CGR 0
| #define HAVE_DIRENT_H 1
| #define STDC_HEADERS 1
| #define HAVE_SYS_WAIT_H 1
| #define HAVE_FCNTL_H 1
| #define HAVE_MALLOC_H 1
| #define HAVE_NETDB_H 1
| #define HAVE_NETINET_IN_H 1
| #define HAVE_STDDEF_H 1
| #define HAVE_STDLIB_H 1
| #define HAVE_STRING_H 1
| #define HAVE_SYS_IOCTL_H 1
| #define HAVE_SYS_PARAM_H 1
| #define HAVE_SYS_SOCKET_H 1
| #define HAVE_SYS_TIME_H 1
| #define HAVE_UNISTD_H 1
| #define TIME_WITH_SYS_TIME 1
| /* end confdefs.h.  */
| #include <stdio.h>
| #ifdef HAVE_SYS_TYPES_H
| # include <sys/types.h>
| #endif
| #ifdef HAVE_SYS_STAT_H
| # include <sys/stat.h>
| #endif
| #ifdef STDC_HEADERS
| # include <stdlib.h>
| # include <stddef.h>
| #else
| # ifdef HAVE_STDLIB_H
| #  include <stdlib.h>
| # endif
| #endif
| #ifdef HAVE_STRING_H
| # if !defined STDC_HEADERS && defined HAVE_MEMORY_H
| #  include <memory.h>
| # endif
| # include <string.h>
| #endif
| #ifdef HAVE_STRINGS_H
| # include <strings.h>
| #endif
| #ifdef HAVE_INTTYPES_H
| # include <inttypes.h>
| #endif
| #ifdef HAVE_STDINT_H
| # include <stdint.h>
| #endif
| #ifdef HAVE_UNISTD_H
| # include <unistd.h>
| #endif
| #include <vfork.h>
configure:10914: result: no
configure:10914: checking vfork.h presence
configure:10914: gcc -E  conftest.c
conftest.c:42:10: fatal error: vfork.h: No such file or directory
   42 | #include <vfork.h>
      |          ^~~~~~~~~
compilation terminated.
configure:10914: $? = 1
configure: failed program was:
| /* confdefs.h */
| #define PACKAGE_NAME "ion"
| #define PACKAGE_TARNAME "ion"
| #define PACKAGE_VERSION "open source 4.1.2"
| #define PACKAGE_STRING "ion open source 4.1.2"
| #define PACKAGE_BUGREPORT "ion-dtn-support@lists.sourceforge.net"
| #define PACKAGE_URL ""
| #define PACKAGE "ion"
| #define VERSION "open source 4.1.2"
| #define STDC_HEADERS 1
| #define HAVE_SYS_TYPES_H 1
| #define HAVE_SYS_STAT_H 1
| #define HAVE_STDLIB_H 1
| #define HAVE_STRING_H 1
| #define HAVE_MEMORY_H 1
| #define HAVE_STRINGS_H 1
| #define HAVE_INTTYPES_H 1
| #define HAVE_STDINT_H 1
| #define HAVE_UNISTD_H 1
| #define HAVE_DLFCN_H 1
| #define LT_OBJDIR ".libs/"
| #define linux 1
| #define build_dccp 1
| #define UNIBO_CGR 0
| #define HAVE_DIRENT_H 1
| #define STDC_HEADERS 1
| #define HAVE_SYS_WAIT_H 1
| #define HAVE_FCNTL_H 1
| #define HAVE_MALLOC_H 1
| #define HAVE_NETDB_H 1
| #define HAVE_NETINET_IN_H 1
| #define HAVE_STDDEF_H 1
| #define HAVE_STDLIB_H 1
| #define HAVE_STRING_H 1
| #define HAVE_SYS_IOCTL_H 1
| #define HAVE_SYS_PARAM_H 1
| #define HAVE_SYS_SOCKET_H 1
| #define HAVE_SYS_TIME_H 1
| #define HAVE_UNISTD_H 1
| #define TIME_WITH_SYS_TIME 1
| /* end confdefs.h.  */
| #include <vfork.h>
configure:10914: result: no
configure:10914: checking for vfork.h
configure:10914: result: no
configure:10927: checking for fork
configure:10927: gcc -o conftest -g -O2 -DNOEXPAT    conftest.c  >&5
conftest.c:65:6: warning: conflicting types for built-in function 'fork'; expected 'int(void)' [-Wbuiltin-declaration-mismatch]
   65 | char fork ();
      |      ^~~~
configure:10927: $? = 0
configure:10927: result: yes
configure:10927: checking for vfork
configure:10927: gcc -o conftest -g -O2 -DNOEXPAT    conftest.c  >&5
configure:10927: $? = 0
configure:10927: result: yes
configure:10937: checking for working fork
configure:10959: gcc -o conftest -g -O2 -DNOEXPAT    conftest.c  >&5
configure:10959: $? = 0
configure:10959: ./conftest
configure:10959: $? = 0
configure:10969: result: yes
configure:10990: checking for working vfork
configure:11100: result: yes
configure:11126: checking whether gcc needs -traditional
configure:11160: result: no
configure:11171: checking return type of signal handlers
configure:11189: gcc -c -g -O2 -DNOEXPAT   conftest.c >&5
conftest.c: In function 'main':
conftest.c:52:10: error: void value not ignored as it ought to be
   52 | return *(signal (0, 0)) (0) == 1;
      |         ~^~~~~~~~~~~~~~~~~~
configure:11189: $? = 1
configure: failed program was:
| /* confdefs.h */
| #define PACKAGE_NAME "ion"
| #define PACKAGE_TARNAME "ion"
| #define PACKAGE_VERSION "open source 4.1.2"
| #define PACKAGE_STRING "ion open source 4.1.2"
| #define PACKAGE_BUGREPORT "ion-dtn-support@lists.sourceforge.net"
| #define PACKAGE_URL ""
| #define PACKAGE "ion"
| #define VERSION "open source 4.1.2"
| #define STDC_HEADERS 1
| #define HAVE_SYS_TYPES_H 1
| #define HAVE_SYS_STAT_H 1
| #define HAVE_STDLIB_H 1
| #define HAVE_STRING_H 1
| #define HAVE_MEMORY_H 1
| #define HAVE_STRINGS_H 1
| #define HAVE_INTTYPES_H 1
| #define HAVE_STDINT_H 1
| #define HAVE_UNISTD_H 1
| #define HAVE_DLFCN_H 1
| #define LT_OBJDIR ".libs/"
| #define linux 1
| #define build_dccp 1
| #define UNIBO_CGR 0
| #define HAVE_DIRENT_H 1
| #define STDC_HEADERS 1
| #define HAVE_SYS_WAIT_H 1
| #define HAVE_FCNTL_H 1
| #define HAVE_MALLOC_H 1
| #define HAVE_NETDB_H 1
| #define HAVE_NETINET_IN_H 1
| #define HAVE_STDDEF_H 1
| #define HAVE_STDLIB_H 1
| #define HAVE_STRING_H 1
| #define HAVE_SYS_IOCTL_H 1
| #define HAVE_SYS_PARAM_H 1
| #define HAVE_SYS_SOCKET_H 1
| #define HAVE_SYS_TIME_H 1
| #define HAVE_UNISTD_H 1
| #define TIME_WITH_SYS_TIME 1
| #define HAVE_FORK 1
| #define HAVE_VFORK 1
| #define HAVE_WORKING_VFORK 1
| #define HAVE_WORKING_FORK 1
| /* end confdefs.h.  */
| #include <sys/types.h>
| #include <signal.h>
| 
| int
| main ()
| {
| return *(signal (0, 0)) (0) == 1;
|   ;
|   return 0;
| }
configure:11196: result: void
configure:11209: checking for alarm
configure:11209: gcc -o conftest -g -O2 -DNOEXPAT    conftest.c  >&5
configure:11209: $? = 0
configure:11209: result: yes
configure:11209: checking for ftruncate
configure:11209: gcc -o conftest -g -O2 -DNOEXPAT    conftest.c  >&5
configure:11209: $? = 0
configure:11209: result: yes
configure:11209: checking for getcwd
configure:11209: gcc -o conftest -g -O2 -DNOEXPAT    conftest.c  >&5
configure:11209: $? = 0
configure:11209: result: yes
configure:11209: checking for gethostbyaddr
configure:11209: gcc -o conftest -g -O2 -DNOEXPAT    conftest.c  >&5
configure:11209: $? = 0
configure:11209: result: yes
configure:11209: checking for gethostbyname
configure:11209: gcc -o conftest -g -O2 -DNOEXPAT    conftest.c  >&5
configure:11209: $? = 0
configure:11209: result: yes
configure:11209: checking for gethostname
configure:11209: gcc -o conftest -g -O2 -DNOEXPAT    conftest.c  >&5
configure:11209: $? = 0
configure:11209: result: yes
configure:11209: checking for gettimeofday
configure:11209: gcc -o conftest -g -O2 -DNOEXPAT    conftest.c  >&5
configure:11209: $? = 0
configure:11209: result: yes
configure:11209: checking for memset
configure:11209: gcc -o conftest -g -O2 -DNOEXPAT    conftest.c  >&5
conftest.c:77:6: warning: conflicting types for built-in function 'memset'; expected 'void *(void *, int,  long unsigned int)' [-Wbuiltin-declaration-mismatch]
   77 | char memset ();
      |      ^~~~~~
conftest.c:65:1: note: 'memset' is declared in header '<string.h>'
   64 | # include <limits.h>
   65 | #else
configure:11209: $? = 0
configure:11209: result: yes
configure:11209: checking for mkdir
configure:11209: gcc -o conftest -g -O2 -DNOEXPAT    conftest.c  >&5
configure:11209: $? = 0
configure:11209: result: yes
configure:11209: checking for mkfifo
configure:11209: gcc -o conftest -g -O2 -DNOEXPAT    conftest.c  >&5
configure:11209: $? = 0
configure:11209: result: yes
configure:11209: checking for rmdir
configure:11209: gcc -o conftest -g -O2 -DNOEXPAT    conftest.c  >&5
configure:11209: $? = 0
configure:11209: result: yes
configure:11209: checking for select
configure:11209: gcc -o conftest -g -O2 -DNOEXPAT    conftest.c  >&5
configure:11209: $? = 0
configure:11209: result: yes
configure:11209: checking for socket
configure:11209: gcc -o conftest -g -O2 -DNOEXPAT    conftest.c  >&5
configure:11209: $? = 0
configure:11209: result: yes
configure:11209: checking for strcasecmp
configure:11209: gcc -o conftest -g -O2 -DNOEXPAT    conftest.c  >&5
conftest.c:83:6: warning: conflicting types for built-in function 'strcasecmp'; expected 'int(const char *, const char *)' [-Wbuiltin-declaration-mismatch]
   83 | char strcasecmp ();
      |      ^~~~~~~~~~
configure:11209: $? = 0
configure:11209: result: yes
configure:11209: checking for strchr
configure:11209: gcc -o conftest -g -O2 -DNOEXPAT    conftest.c  >&5
conftest.c:84:6: warning: conflicting types for built-in function 'strchr'; expected 'char *(const char *, int)' [-Wbuiltin-declaration-mismatch]
   84 | char strchr ();
      |      ^~~~~~
conftest.c:72:1: note: 'strchr' is declared in header '<string.h>'
   71 | # include <limits.h>
   72 | #else
configure:11209: $? = 0
configure:11209: result: yes
configure:11209: checking for strerror
configure:11209: gcc -o conftest -g -O2 -DNOEXPAT    conftest.c  >&5
configure:11209: $? = 0
configure:11209: result: yes
configure:11209: checking for strncasecmp
configure:11209: gcc -o conftest -g -O2 -DNOEXPAT    conftest.c  >&5
conftest.c:86:6: warning: conflicting types for built-in function 'strncasecmp'; expected 'int(const char *, const char *, long unsigned int)' [-Wbuiltin-declaration-mismatch]
   86 | char strncasecmp ();
      |      ^~~~~~~~~~~
configure:11209: $? = 0
configure:11209: result: yes
configure:11209: checking for strstr
configure:11209: gcc -o conftest -g -O2 -DNOEXPAT    conftest.c  >&5
conftest.c:87:6: warning: conflicting types for built-in function 'strstr'; expected 'char *(const char *, const char *)' [-Wbuiltin-declaration-mismatch]
   87 | char strstr ();
      |      ^~~~~~
conftest.c:75:1: note: 'strstr' is declared in header '<string.h>'
   74 | # include <limits.h>
   75 | #else
configure:11209: $? = 0
configure:11209: result: yes
configure:11209: checking for strtoul
configure:11209: gcc -o conftest -g -O2 -DNOEXPAT    conftest.c  >&5
configure:11209: $? = 0
configure:11209: result: yes
configure:11209: checking for uname
configure:11209: gcc -o conftest -g -O2 -DNOEXPAT    conftest.c  >&5
configure:11209: $? = 0
configure:11209: result: yes
configure:11373: checking that generated files are newer than configure
configure:11379: result: done
configure:11490: creating ./config.status

## ---------------------- ##
## Running config.status. ##
## ---------------------- ##

This file was extended by ion config.status open source 4.1.2, which was
generated by GNU Autoconf 2.69.  Invocation command line was

  CONFIG_FILES    = 
  CONFIG_HEADERS  = 
  CONFIG_LINKS    = 
  CONFIG_COMMANDS = 
  $ ./config.status 

on dascor

config.status:1184: creating Makefile
config.status:1184: creating contrib/Makefile
config.status:1184: creating config.h
config.status:1413: executing depfiles commands
config.status:1490: cd .       && sed -e '/# am--include-marker/d' Makefile         | make -f - am--depfiles
config.status:1495: $? = 0
config.status:1490: cd contrib       && sed -e '/# am--include-marker/d' Makefile         | make -f - am--depfiles
config.status:1495: $? = 0
config.status:1413: executing libtool commands

## ---------------- ##
## Cache variables. ##
## ---------------- ##

ac_cv_build=x86_64-pc-linux-gnu
ac_cv_c_compiler_gnu=yes
ac_cv_c_const=yes
ac_cv_env_CC_set=
ac_cv_env_CC_value=
ac_cv_env_CFLAGS_set=
ac_cv_env_CFLAGS_value=
ac_cv_env_CPPFLAGS_set=
ac_cv_env_CPPFLAGS_value=
ac_cv_env_CPP_set=
ac_cv_env_CPP_value=
ac_cv_env_LDFLAGS_set=
ac_cv_env_LDFLAGS_value=
ac_cv_env_LIBS_set=
ac_cv_env_LIBS_value=
ac_cv_env_LT_SYS_LIBRARY_PATH_set=
ac_cv_env_LT_SYS_LIBRARY_PATH_value=
ac_cv_env_build_alias_set=
ac_cv_env_build_alias_value=
ac_cv_env_host_alias_set=
ac_cv_env_host_alias_value=
ac_cv_env_target_alias_set=
ac_cv_env_target_alias_value=
ac_cv_func_alarm=yes
ac_cv_func_fork=yes
ac_cv_func_fork_works=yes
ac_cv_func_ftruncate=yes
ac_cv_func_getcwd=yes
ac_cv_func_gethostbyaddr=yes
ac_cv_func_gethostbyname=yes
ac_cv_func_gethostname=yes
ac_cv_func_gettimeofday=yes
ac_cv_func_memset=yes
ac_cv_func_mkdir=yes
ac_cv_func_mkfifo=yes
ac_cv_func_pow=no
ac_cv_func_rmdir=yes
ac_cv_func_select=yes
ac_cv_func_socket=yes
ac_cv_func_strcasecmp=yes
ac_cv_func_strchr=yes
ac_cv_func_strerror=yes
ac_cv_func_strncasecmp=yes
ac_cv_func_strstr=yes
ac_cv_func_strtoul=yes
ac_cv_func_uname=yes
ac_cv_func_vfork=yes
ac_cv_func_vfork_works=yes
ac_cv_header_dirent_dirent_h=yes
ac_cv_header_dlfcn_h=yes
ac_cv_header_fcntl_h=yes
ac_cv_header_inttypes_h=yes
ac_cv_header_malloc_h=yes
ac_cv_header_memory_h=yes
ac_cv_header_netdb_h=yes
ac_cv_header_netinet_in_h=yes
ac_cv_header_stdc=yes
ac_cv_header_stddef_h=yes
ac_cv_header_stdint_h=yes
ac_cv_header_stdlib_h=yes
ac_cv_header_string_h=yes
ac_cv_header_strings_h=yes
ac_cv_header_sys_ioctl_h=yes
ac_cv_header_sys_param_h=yes
ac_cv_header_sys_socket_h=yes
ac_cv_header_sys_stat_h=yes
ac_cv_header_sys_time_h=yes
ac_cv_header_sys_types_h=yes
ac_cv_header_sys_wait_h=yes
ac_cv_header_time=yes
ac_cv_header_unistd_h=yes
ac_cv_header_valgrind_valgrind_h=no
ac_cv_header_vfork_h=no
ac_cv_host=x86_64-pc-linux-gnu
ac_cv_lib_expat_XML_GetCurrentLineNumber=no
ac_cv_lib_mysqlclient_mysql_real_connect=no
ac_cv_lib_ncurses_initscr=yes
ac_cv_lib_pthread_pthread_create=yes
ac_cv_objext=o
ac_cv_path_EGREP='/usr/bin/grep -E'
ac_cv_path_FGREP='/usr/bin/grep -F'
ac_cv_path_GREP=/usr/bin/grep
ac_cv_path_GROFF=/usr/bin/groff
ac_cv_path_MANOPTS=/usr/bin/man
ac_cv_path_PDF2PS=/usr/bin/pdf2ps
ac_cv_path_PS2PDF=/usr/bin/ps2pdf
ac_cv_path_SED=/usr/bin/sed
ac_cv_path_install='/usr/bin/install -c'
ac_cv_path_lt_DD=/usr/bin/dd
ac_cv_path_mkdir=/usr/bin/mkdir
ac_cv_prog_AWK=gawk
ac_cv_prog_CPP='gcc -E'
ac_cv_prog_POD_DOCUMENTATION=pod2man
ac_cv_prog_ac_ct_AR=ar
ac_cv_prog_ac_ct_CC=gcc
ac_cv_prog_ac_ct_MANIFEST_TOOL=mt
ac_cv_prog_ac_ct_OBJDUMP=objdump
ac_cv_prog_ac_ct_RANLIB=ranlib
ac_cv_prog_ac_ct_STRIP=strip
ac_cv_prog_cc_c89=
ac_cv_prog_cc_g=yes
ac_cv_prog_gcc_traditional=no
ac_cv_prog_make_make_set=yes
ac_cv_search_opendir='none required'
ac_cv_struct_tm=time.h
ac_cv_type_pid_t=yes
ac_cv_type_signal=void
ac_cv_type_size_t=yes
ac_cv_type_uid_t=yes
am_cv_CC_dependencies_compiler_type=gcc3
am_cv_ar_interface=ar
am_cv_make_support_nested_variables=yes
am_cv_prog_cc_c_o=yes
lt_cv_ar_at_file=@
lt_cv_archive_cmds_need_lc=no
lt_cv_deplibs_check_method=pass_all
lt_cv_file_magic_cmd='$MAGIC_CMD'
lt_cv_file_magic_test_file=
lt_cv_ld_reload_flag=-r
lt_cv_nm_interface='BSD nm'
lt_cv_objdir=.libs
lt_cv_path_LD=/usr/bin/ld
lt_cv_path_NM='/usr/bin/nm -B'
lt_cv_path_mainfest_tool=no
lt_cv_prog_compiler_c_o=yes
lt_cv_prog_compiler_pic='-fPIC -DPIC'
lt_cv_prog_compiler_pic_works=yes
lt_cv_prog_compiler_rtti_exceptions=no
lt_cv_prog_compiler_static_works=yes
lt_cv_prog_gnu_ld=yes
lt_cv_sharedlib_from_linklib_cmd='printf %s\n'
lt_cv_shlibpath_overrides_runpath=yes
lt_cv_sys_global_symbol_pipe='sed -n -e '\''s/^.*[	 ]\([ABCDGIRSTW][ABCDGIRSTW]*\)[	 ][	 ]*\([_A-Za-z][_A-Za-z0-9]*\)$/\1 \2 \2/p'\'' | sed '\''/ __gnu_lto/d'\'''
lt_cv_sys_global_symbol_to_c_name_address='sed -n -e '\''s/^: \(.*\) .*$/  {"\1", (void *) 0},/p'\'' -e '\''s/^[ABCDGIRSTW][ABCDGIRSTW]* .* \(.*\)$/  {"\1", (void *) \&\1},/p'\'''
lt_cv_sys_global_symbol_to_c_name_address_lib_prefix='sed -n -e '\''s/^: \(.*\) .*$/  {"\1", (void *) 0},/p'\'' -e '\''s/^[ABCDGIRSTW][ABCDGIRSTW]* .* \(lib.*\)$/  {"\1", (void *) \&\1},/p'\'' -e '\''s/^[ABCDGIRSTW][ABCDGIRSTW]* .* \(.*\)$/  {"lib\1", (void *) \&\1},/p'\'''
lt_cv_sys_global_symbol_to_cdecl='sed -n -e '\''s/^T .* \(.*\)$/extern int \1();/p'\'' -e '\''s/^[ABCDGIRSTW][ABCDGIRSTW]* .* \(.*\)$/extern char \1;/p'\'''
lt_cv_sys_global_symbol_to_import=
lt_cv_sys_max_cmd_len=1572864
lt_cv_to_host_file_cmd=func_convert_file_noop
lt_cv_to_tool_file_cmd=func_convert_file_noop
lt_cv_truncate_bin='/usr/bin/dd bs=4096 count=1'

## ----------------- ##
## Output variables. ##
## ----------------- ##

ACLOCAL='${SHELL} /home/dave/Work/ion-ios/missing aclocal-1.16'
AMDEPBACKSLASH='\'
AMDEP_FALSE='#'
AMDEP_TRUE=''
AMTAR='$${TAR-tar}'
AM_BACKSLASH='\'
AM_CFLAGS=' -Dlinux -DSPACE_ORDER=3 -fno-strict-aliasing -DVNAME=ION-OPEN-SOURCE-4.1.2 -DBUILD_BPv7 -DENABLE_IMC -DENABLE_MANPAGES'
AM_DEFAULT_V='$(AM_DEFAULT_VERBOSITY)'
AM_DEFAULT_VERBOSITY='1'
AM_LDFLAGS=' -lpthread'
AM_LIBTOOLFLAGS=''
AM_V='$(V)'
AR='ar'
AUTOCONF='${SHELL} /home/dave/Work/ion-ios/missing autoconf'
AUTOHEADER='${SHELL} /home/dave/Work/ion-ios/missing autoheader'
AUTOMAKE='${SHELL} /home/dave/Work/ion-ios/missing automake-1.16'
AWK='gawk'
BP_DIR='bpv7'
BUILD_BPv6_FALSE=''
BUILD_BPv6_TRUE='#'
BUILD_BPv7_FALSE='#'
BUILD_BPv7_TRUE=''
BUILD_CONTRIB_FALSE=''
BUILD_CONTRIB_TRUE='#'
BUILD_NM_REST_FALSE=''
BUILD_NM_REST_TRUE='#'
CC='gcc'
CCDEPMODE='depmode=gcc3'
CFLAGS='-g -O2 -DNOEXPAT '
CPP='gcc -E'
CPPFLAGS=''
CRYPTO_FALSE=''
CRYPTO_LIBS=''
CRYPTO_TRUE='#'
CYGPATH_W='echo'
DEFS='-DHAVE_CONFIG_H'
DEPDIR='.deps'
DLLTOOL='false'
DSYMUTIL=''
DUMPBIN=''
ECHO_C=''
ECHO_N='-n'
ECHO_T=''
EGREP='/usr/bin/grep -E'
ENABLE_AUTODOC_FALSE=''
ENABLE_AUTODOC_TRUE='#'
ENABLE_BPACS_FALSE=''
ENABLE_BPACS_TRUE='#'
ENABLE_DEBUGGING_FALSE=''
ENABLE_DEBUGGING_TRUE='#'
ENABLE_EXPAT_FALSE=''
ENABLE_EXPAT_TRUE='#'
ENABLE_GCOV_FALSE=''
ENABLE_GCOV_TRUE='#'
ENABLE_HIGH_SPEED_FALSE=''
ENABLE_HIGH_SPEED_TRUE='#'
ENABLE_IMC_FALSE='#'
ENABLE_IMC_TRUE=''
ENABLE_MANPAGES_FALSE='#'
ENABLE_MANPAGES_TRUE=''
ENABLE_MYSQL_FALSE=''
ENABLE_MYSQL_TRUE='#'
ENABLE_NCURSES_FALSE=''
ENABLE_NCURSES_TRUE='#'
EXEEXT=''
EXPAT_LIBS=''
FGREP='/usr/bin/grep -F'
GREP='/usr/bin/grep'
GROFF='/usr/bin/groff'
GROFFMS=''
INSTALL_DATA='${INSTALL} -m 644'
INSTALL_PROGRAM='${INSTALL}'
INSTALL_SCRIPT='${INSTALL}'
INSTALL_STRIP_PROGRAM='$(install_sh) -c -s'
ION_NASA_B_FALSE=''
ION_NASA_B_TRUE='#'
LD='/usr/bin/ld -m elf_x86_64'
LDFLAGS=''
LIBOBJS=''
LIBS=''
LIBTOOL='$(SHELL) $(top_builddir)/libtool'
LINUX_BUILD_FALSE='#'
LINUX_BUILD_TRUE=''
LIPO=''
LN_S='ln -s'
LTLIBOBJS=''
LT_SYS_LIBRARY_PATH=''
MAKEINFO='${SHELL} /home/dave/Work/ion-ios/missing makeinfo'
MANIFEST_TOOL=':'
MANOPTS='/usr/bin/man'
MKDIR_P='/usr/bin/mkdir -p'
MYSQL_LIBS=''
NCURSES_LIBS='-lncurses -lform -lmenu -lpanel'
NM='/usr/bin/nm -B'
NMEDIT=''
OBJDUMP='objdump'
OBJEXT='o'
OTOOL64=''
OTOOL=''
PACKAGE='ion'
PACKAGE_BUGREPORT='ion-dtn-support@lists.sourceforge.net'
PACKAGE_NAME='ion'
PACKAGE_STRING='ion open source 4.1.2'
PACKAGE_TARNAME='ion'
PACKAGE_URL=''
PACKAGE_VERSION='open source 4.1.2'
PATH_SEPARATOR=':'
PDF2PS='/usr/bin/pdf2ps'
PDFJOIN='/home/dave/Work/ion-ios/doc/pdfjoin'
POD_DOCUMENTATION='pod2man'
PS2PDF='/usr/bin/ps2pdf'
PSJOIN='/home/dave/Work/ion-ios/doc/psjoin'
RANLIB='ranlib'
SED='/usr/bin/sed'
SET_MAKE=''
SHELL='/bin/bash'
SOLARIS_FALSE=''
SOLARIS_STUDIO_CC_FALSE=''
SOLARIS_STUDIO_CC_TRUE='#'
SOLARIS_TRUE='#'
STRIP='strip'
UNIBO_CGR_FALSE=''
UNIBO_CGR_TRUE='#'
VALGRIND_COMPAT_CFLAGS=''
VERSION='open source 4.1.2'
WINDOWS_FALSE=''
WINDOWS_TRUE='#'
ac_ct_AR='ar'
ac_ct_CC='gcc'
ac_ct_DUMPBIN=''
am__EXEEXT_FALSE=''
am__EXEEXT_TRUE='#'
am__fastdepCC_FALSE='#'
am__fastdepCC_TRUE=''
am__include='include'
am__isrc=''
am__leading_dot='.'
am__nodep='_no'
am__quote=''
am__tar='$${TAR-tar} chof - "$$tardir"'
am__untar='$${TAR-tar} xf -'
bindir='${exec_prefix}/bin'
build='x86_64-pc-linux-gnu'
build_alias=''
build_cpu='x86_64'
build_os='linux-gnu'
build_vendor='pc'
datadir='${datarootdir}'
datarootdir='${prefix}/share'
docdir='${datarootdir}/doc/${PACKAGE_TARNAME}'
dvidir='${docdir}'
exec_prefix='${prefix}'
host='x86_64-pc-linux-gnu'
host_alias=''
host_cpu='x86_64'
host_os='linux-gnu'
host_vendor='pc'
htmldir='${docdir}'
includedir='${prefix}/include'
infodir='${datarootdir}/info'
install_sh='${SHELL} /home/dave/Work/ion-ios/install-sh'
libdir='${exec_prefix}/lib'
libexecdir='${exec_prefix}/libexec'
localedir='${datarootdir}/locale'
localstatedir='${prefix}/var'
mandir='${datarootdir}/man'
mkdir_p='$(MKDIR_P)'
oldincludedir='/usr/include'
pdfdir='${docdir}'
prefix='/usr/local'
program_transform_name='s,x,x,'
psdir='${docdir}'
runstatedir='${localstatedir}/run'
sbindir='${exec_prefix}/sbin'
sharedstatedir='${prefix}/com'
sysconfdir='${prefix}/etc'
target_alias=''

## ----------- ##
## confdefs.h. ##
## ----------- ##

/* confdefs.h */
#define PACKAGE_NAME "ion"
#define PACKAGE_TARNAME "ion"
#define PACKAGE_VERSION "open source 4.1.2"
#define PACKAGE_STRING "ion open source 4.1.2"
#define PACKAGE_BUGREPORT "ion-dtn-support@lists.sourceforge.net"
#define PACKAGE_URL ""
#define PACKAGE "ion"
#define VERSION "open source 4.1.2"
#define STDC_HEADERS 1
#define HAVE_SYS_TYPES_H 1
#define HAVE_SYS_STAT_H 1
#define HAVE_STDLIB_H 1
#define HAVE_STRING_H 1
#define HAVE_MEMORY_H 1
#define HAVE_STRINGS_H 1
#define HAVE_INTTYPES_H 1
#define HAVE_STDINT_H 1
#define HAVE_UNISTD_H 1
#define HAVE_DLFCN_H 1
#define LT_OBJDIR ".libs/"
#define linux 1
#define build_dccp 1
#define UNIBO_CGR 0
#define HAVE_DIRENT_H 1
#define STDC_HEADERS 1
#define HAVE_SYS_WAIT_H 1
#define HAVE_FCNTL_H 1
#define HAVE_MALLOC_H 1
#define HAVE_NETDB_H 1
#define HAVE_NETINET_IN_H 1
#define HAVE_STDDEF_H 1
#define HAVE_STDLIB_H 1
#define HAVE_STRING_H 1
#define HAVE_SYS_IOCTL_H 1
#define HAVE_SYS_PARAM_H 1
#define HAVE_SYS_SOCKET_H 1
#define HAVE_SYS_TIME_H 1
#define HAVE_UNISTD_H 1
#define TIME_WITH_SYS_TIME 1
#define HAVE_FORK 1
#define HAVE_VFORK 1
#define HAVE_WORKING_VFORK 1
#define HAVE_WORKING_FORK 1
#define RETSIGTYPE void
#define HAVE_ALARM 1
#define HAVE_FTRUNCATE 1
#define HAVE_GETCWD 1
#define HAVE_GETHOSTBYADDR 1
#define HAVE_GETHOSTBYNAME 1
#define HAVE_GETHOSTNAME 1
#define HAVE_GETTIMEOFDAY 1
#define HAVE_MEMSET 1
#define HAVE_MKDIR 1
#define HAVE_MKFIFO 1
#define HAVE_RMDIR 1
#define HAVE_SELECT 1
#define HAVE_SOCKET 1
#define HAVE_STRCASECMP 1
#define HAVE_STRCHR 1
#define HAVE_STRERROR 1
#define HAVE_STRNCASECMP 1
#define HAVE_STRSTR 1
#define HAVE_STRTOUL 1
#define HAVE_UNAME 1

configure: exit 0
